2019-07-10 22:40:14 Error: [MissingComponentException] Component class KarteComponent could not be found.
#0 /home/users/1/oops.jp-kenko-norate-mj/web/lib/Cake/Controller/ComponentCollection.php(52): ComponentCollection->load('Karte', Array)
#1 /home/users/1/oops.jp-kenko-norate-mj/web/lib/Cake/Controller/Controller.php(635): ComponentCollection->init(Object(CustomersController))
#2 /home/users/1/oops.jp-kenko-norate-mj/web/lib/Cake/Routing/Dispatcher.php(99): Controller->constructClasses()
#3 /home/users/1/oops.jp-kenko-norate-mj/web/lib/Cake/Routing/Dispatcher.php(85): Dispatcher->_invoke(Object(CustomersController), Object(CakeRequest), Object(CakeResponse))
#4 /home/users/1/oops.jp-kenko-norate-mj/web/app/webroot/index.php(92): Dispatcher->dispatch(Object(CakeRequest), Object(CakeResponse))
#5 {main}
2019-07-10 22:40:15 Error: [MissingControllerException] Controller class AssetsController could not be found.
#0 /home/users/1/oops.jp-kenko-norate-mj/web/app/webroot/index.php(92): Dispatcher->dispatch(Object(CakeRequest), Object(CakeResponse))
#1 {main}
2019-07-10 22:40:19 Error: [MissingControllerException] Controller class AssetsController could not be found.
#0 /home/users/1/oops.jp-kenko-norate-mj/web/app/webroot/index.php(92): Dispatcher->dispatch(Object(CakeRequest), Object(CakeResponse))
#1 {main}
2019-07-10 22:42:08 Error: [MissingComponentException] Component class KarteComponent could not be found.
#0 /home/users/1/oops.jp-kenko-norate-mj/web/kanri/lib/Cake/Controller/ComponentCollection.php(52): ComponentCollection->load('Karte', Array)
#1 /home/users/1/oops.jp-kenko-norate-mj/web/kanri/lib/Cake/Controller/Controller.php(635): ComponentCollection->init(Object(CustomersController))
#2 /home/users/1/oops.jp-kenko-norate-mj/web/kanri/lib/Cake/Routing/Dispatcher.php(99): Controller->constructClasses()
#3 /home/users/1/oops.jp-kenko-norate-mj/web/kanri/lib/Cake/Routing/Dispatcher.php(85): Dispatcher->_invoke(Object(CustomersController), Object(CakeRequest), Object(CakeResponse))
#4 /home/users/1/oops.jp-kenko-norate-mj/web/kanri/app/webroot/index.php(92): Dispatcher->dispatch(Object(CakeRequest), Object(CakeResponse))
#5 {main}
2019-07-10 22:42:09 Error: [MissingControllerException] Controller class AssetsController could not be found.
#0 /home/users/1/oops.jp-kenko-norate-mj/web/kanri/app/webroot/index.php(92): Dispatcher->dispatch(Object(CakeRequest), Object(CakeResponse))
#1 {main}
2019-07-10 22:44:52 Error: [MissingComponentException] Component class KarteComponent could not be found.
#0 /home/users/1/oops.jp-kenko-norate-mj/web/kanri/lib/Cake/Controller/ComponentCollection.php(52): ComponentCollection->load('Karte', Array)
#1 /home/users/1/oops.jp-kenko-norate-mj/web/kanri/lib/Cake/Controller/Controller.php(635): ComponentCollection->init(Object(CustomersController))
#2 /home/users/1/oops.jp-kenko-norate-mj/web/kanri/lib/Cake/Routing/Dispatcher.php(99): Controller->constructClasses()
#3 /home/users/1/oops.jp-kenko-norate-mj/web/kanri/lib/Cake/Routing/Dispatcher.php(85): Dispatcher->_invoke(Object(CustomersController), Object(CakeRequest), Object(CakeResponse))
#4 /home/users/1/oops.jp-kenko-norate-mj/web/kanri/app/webroot/index.php(92): Dispatcher->dispatch(Object(CakeRequest), Object(CakeResponse))
#5 {main}
2019-07-10 22:44:52 Error: [MissingControllerException] Controller class AssetsController could not be found.
#0 /home/users/1/oops.jp-kenko-norate-mj/web/kanri/app/webroot/index.php(92): Dispatcher->dispatch(Object(CakeRequest), Object(CakeResponse))
#1 {main}
2019-07-10 22:45:00 Error: [MissingComponentException] Component class KarteComponent could not be found.
#0 /home/users/1/oops.jp-kenko-norate-mj/web/kanri/lib/Cake/Controller/ComponentCollection.php(52): ComponentCollection->load('Karte', Array)
#1 /home/users/1/oops.jp-kenko-norate-mj/web/kanri/lib/Cake/Controller/Controller.php(635): ComponentCollection->init(Object(CustomersController))
#2 /home/users/1/oops.jp-kenko-norate-mj/web/kanri/lib/Cake/Routing/Dispatcher.php(99): Controller->constructClasses()
#3 /home/users/1/oops.jp-kenko-norate-mj/web/kanri/lib/Cake/Routing/Dispatcher.php(85): Dispatcher->_invoke(Object(CustomersController), Object(CakeRequest), Object(CakeResponse))
#4 /home/users/1/oops.jp-kenko-norate-mj/web/kanri/app/webroot/index.php(92): Dispatcher->dispatch(Object(CakeRequest), Object(CakeResponse))
#5 /home/users/1/oops.jp-kenko-norate-mj/web/kanri/index.php(40): require('/home/users/1/o...')
#6 {main}
2019-07-10 22:45:24 Error: [MissingComponentException] Component class KarteComponent could not be found.
#0 /home/users/1/oops.jp-kenko-norate-mj/web/kanri/lib/Cake/Controller/ComponentCollection.php(52): ComponentCollection->load('Karte', Array)
#1 /home/users/1/oops.jp-kenko-norate-mj/web/kanri/lib/Cake/Controller/Controller.php(635): ComponentCollection->init(Object(CustomersController))
#2 /home/users/1/oops.jp-kenko-norate-mj/web/kanri/lib/Cake/Routing/Dispatcher.php(99): Controller->constructClasses()
#3 /home/users/1/oops.jp-kenko-norate-mj/web/kanri/lib/Cake/Routing/Dispatcher.php(85): Dispatcher->_invoke(Object(CustomersController), Object(CakeRequest), Object(CakeResponse))
#4 /home/users/1/oops.jp-kenko-norate-mj/web/kanri/app/webroot/index.php(92): Dispatcher->dispatch(Object(CakeRequest), Object(CakeResponse))
#5 {main}
2019-07-10 22:45:25 Error: [MissingControllerException] Controller class AssetsController could not be found.
#0 /home/users/1/oops.jp-kenko-norate-mj/web/kanri/app/webroot/index.php(92): Dispatcher->dispatch(Object(CakeRequest), Object(CakeResponse))
#1 {main}
